[0m11:01:36.479212 [debug] [MainThread]: Sending event: {'category': 'dbt', 'action': 'invocation', 'label': 'start', 'context': [<snowplow_tracker.self_describing_json.SelfDescribingJson object at 0x1033bab20>, <snowplow_tracker.self_describing_json.SelfDescribingJson object at 0x108d8af70>, <snowplow_tracker.self_describing_json.SelfDescribingJson object at 0x108deaeb0>]}


============================== 11:01:36.483534 | 6b10eef2-e9f1-4277-ba1f-d64a48accc25 ==============================
[0m11:01:36.483534 [info ] [MainThread]: Running with dbt=1.7.19
[0m11:01:36.484055 [debug] [MainThread]: running dbt with arguments {'printer_width': '80', 'indirect_selection': 'eager', 'log_cache_events': 'False', 'write_json': 'True', 'partial_parse': 'True', 'cache_selected_only': 'False', 'profiles_dir': '/Users/costinb/.dbt', 'fail_fast': 'False', 'version_check': 'True', 'log_path': 'logs', 'warn_error': 'None', 'debug': 'False', 'use_colors': 'True', 'use_experimental_parser': 'False', 'no_print': 'None', 'quiet': 'False', 'warn_error_options': 'WarnErrorOptions(include=[], exclude=[])', 'static_parser': 'True', 'invocation_command': 'dbt init', 'log_format': 'default', 'target_path': 'None', 'introspect': 'True', 'send_anonymous_usage_stats': 'True'}
[0m11:01:36.484590 [warn ] [MainThread]: [ConfigFolderDirectory]: Unable to parse dict {'dir': PosixPath('/Users/costinb/.dbt')}
[0m11:01:36.484858 [info ] [MainThread]: Creating dbt configuration folder at 
[0m11:04:22.907897 [debug] [MainThread]: Starter project path: /Users/costinb/Desktop/DBT_DEMO/dbtenv/lib/python3.9/site-packages/dbt/include/starter_project
[0m11:04:22.923159 [info ] [MainThread]: 
Your new dbt project "dbt_project" was created!

For more information on how to configure the profiles.yml file,
please consult the dbt documentation here:

  https://docs.getdbt.com/docs/configure-your-profile

One more thing:

Need help? Don't hesitate to reach out to us via GitHub issues or on Slack:

  https://community.getdbt.com/

Happy modeling!

[0m11:04:22.923937 [info ] [MainThread]: Setting up your profile.
[0m11:04:40.784548 [info ] [MainThread]: Profile dbt_project written to /Users/costinb/.dbt/profiles.yml using target's sample configuration. Once updated, you'll be able to start developing with dbt.
[0m11:04:40.808443 [debug] [MainThread]: Resource report: {"command_name": "init", "command_success": true, "command_wall_clock_time": 184.36015, "process_user_time": 1.760775, "process_kernel_time": 0.168197, "process_mem_max_rss": "103235584", "process_in_blocks": "0", "process_out_blocks": "0"}
[0m11:04:40.808896 [debug] [MainThread]: Command `dbt init` succeeded at 11:04:40.808767 after 184.36 seconds
[0m11:04:40.809234 [debug] [MainThread]: Sending event: {'category': 'dbt', 'action': 'invocation', 'label': 'end', 'context': [<snowplow_tracker.self_describing_json.SelfDescribingJson object at 0x1033bab20>, <snowplow_tracker.self_describing_json.SelfDescribingJson object at 0x1042f5100>, <snowplow_tracker.self_describing_json.SelfDescribingJson object at 0x108db95e0>]}
[0m11:04:40.809577 [debug] [MainThread]: Flushing usage events
